c:\users\leo\source\repos\uc-apex\driver\x64\release\vc142.pdb
c:\users\leo\source\repos\uc-apex\driver\x64\release\main.obj
c:\users\leo\source\repos\uc-apex\driver\x64\release\hook.obj
c:\users\leo\source\repos\uc-apex\x64\release\driver\driver.cat
c:\users\leo\source\repos\uc-apex\x64\release\driver.sys
c:\users\leo\source\repos\uc-apex\x64\release\driver.pdb
c:\users\leo\source\repos\uc-apex\driver\x64\release\driver.inf
c:\users\leo\source\repos\uc-apex\x64\release\driver.inf
c:\users\leo\source\repos\uc-apex\driver\x64\release\driver.tlog\cl.command.1.tlog
c:\users\leo\source\repos\uc-apex\driver\x64\release\driver.tlog\cl.read.1.tlog
c:\users\leo\source\repos\uc-apex\driver\x64\release\driver.tlog\cl.write.1.tlog
c:\users\leo\source\repos\uc-apex\driver\x64\release\driver.tlog\inf2cat-expand.1456.read.1.tlog
c:\users\leo\source\repos\uc-apex\driver\x64\release\driver.tlog\inf2cat-expand.1456.write.1.tlog
c:\users\leo\source\repos\uc-apex\driver\x64\release\driver.tlog\inf2cat-expand.15112.read.1.tlog
c:\users\leo\source\repos\uc-apex\driver\x64\release\driver.tlog\inf2cat-expand.15112.write.1.tlog
c:\users\leo\source\repos\uc-apex\driver\x64\release\driver.tlog\inf2cat-expand.2668.read.1.tlog
c:\users\leo\source\repos\uc-apex\driver\x64\release\driver.tlog\inf2cat-expand.2668.write.1.tlog
c:\users\leo\source\repos\uc-apex\driver\x64\release\driver.tlog\inf2cat-expand.read.1.tlog
c:\users\leo\source\repos\uc-apex\driver\x64\release\driver.tlog\inf2cat-expand.write.1.tlog
c:\users\leo\source\repos\uc-apex\driver\x64\release\driver.tlog\inf2cat.command.1.tlog
c:\users\leo\source\repos\uc-apex\driver\x64\release\driver.tlog\inf2cat.read.1.tlog
c:\users\leo\source\repos\uc-apex\driver\x64\release\driver.tlog\inf2cat.read.8.tlog
c:\users\leo\source\repos\uc-apex\driver\x64\release\driver.tlog\inf2cat.write.1.tlog
c:\users\leo\source\repos\uc-apex\driver\x64\release\driver.tlog\inf2cat.write.8.tlog
c:\users\leo\source\repos\uc-apex\driver\x64\release\driver.tlog\link.command.1.tlog
c:\users\leo\source\repos\uc-apex\driver\x64\release\driver.tlog\link.read.1.tlog
c:\users\leo\source\repos\uc-apex\driver\x64\release\driver.tlog\link.write.1.tlog
c:\users\leo\source\repos\uc-apex\driver\x64\release\driver.tlog\stampinf.command.1.tlog
c:\users\leo\source\repos\uc-apex\driver\x64\release\driver.tlog\stampinf.read.1.tlog
c:\users\leo\source\repos\uc-apex\driver\x64\release\driver.tlog\stampinf.write.1.tlog
